  AARectangle.cpp
  App.cpp
  ArcadeApp.cpp
  ArcadeScene.cpp
  BitmapFont.cpp
D:\Programming\C++\workspace\Arcade App\Arcade App\BitmapFont.cpp(26,13): warning C4018: '<': signed/unsigned mismatch
D:\Programming\C++\workspace\Arcade App\Arcade App\BitmapFont.cpp(41,26): warning C4244: '=': conversion from 'float' to 'uint32_t', possible loss of data
D:\Programming\C++\workspace\Arcade App\Arcade App\BitmapFont.cpp(45,22): warning C4244: '=': conversion from 'float' to 'uint32_t', possible loss of data
D:\Programming\C++\workspace\Arcade App\Arcade App\BitmapFont.cpp(47,35): warning C4244: '+=': conversion from 'float' to 'uint32_t', possible loss of data
D:\Programming\C++\workspace\Arcade App\Arcade App\BitmapFont.cpp(50,29): warning C4244: '=': conversion from 'float' to 'uint32_t', possible loss of data
D:\Programming\C++\workspace\Arcade App\Arcade App\BitmapFont.cpp(54,23): warning C4244: '=': conversion from 'float' to 'uint32_t', possible loss of data
D:\Programming\C++\workspace\Arcade App\Arcade App\BitmapFont.cpp(56,35): warning C4244: '+=': conversion from 'float' to 'uint32_t', possible loss of data
D:\Programming\C++\workspace\Arcade App\Arcade App\BitmapFont.cpp(57,18): warning C4244: 'argument': conversion from 'uint32_t' to 'float', possible loss of data
D:\Programming\C++\workspace\Arcade App\Arcade App\BitmapFont.cpp(57,15): warning C4244: 'argument': conversion from 'uint32_t' to 'float', possible loss of data
  BMPImage.cpp
  BreakOut.cpp
  Button.cpp
  ButtonOptionsScene.cpp
D:\Programming\C++\workspace\Arcade App\Arcade App\ButtonOptionsScene.cpp(85,53): warning C4244: 'argument': conversion from 'uint32_t' to 'float', possible loss of data
D:\Programming\C++\workspace\Arcade App\Arcade App\ButtonOptionsScene.cpp(85,31): warning C4244: 'argument': conversion from 'uint32_t' to 'float', possible loss of data
  Circle.cpp
  Color.cpp
D:\Programming\C++\workspace\Arcade App\Arcade App\Color.cpp(108,55): warning C4244: 'argument': conversion from 'float' to 'uint8_t', possible loss of data
D:\Programming\C++\workspace\Arcade App\Arcade App\Color.cpp(109,59): warning C4244: 'argument': conversion from 'float' to 'uint8_t', possible loss of data
D:\Programming\C++\workspace\Arcade App\Arcade App\Color.cpp(110,57): warning C4244: 'argument': conversion from 'float' to 'uint8_t', possible loss of data
  FileCommandLoader.cpp
D:\Programming\C++\workspace\Arcade App\Arcade App\FileCommandLoader.cpp(108,22): warning C4244: 'argument': conversion from 'int' to 'float', possible loss of data
D:\Programming\C++\workspace\Arcade App\Arcade App\FileCommandLoader.cpp(108,15): warning C4244: 'argument': conversion from 'int' to 'float', possible loss of data
  GameController.cpp
  GameScene.cpp
  InputController.cpp
  Line2D.cpp
  NotImplementedScene.cpp
  PacmanStartScene.cpp
  Screen.cpp
D:\Programming\C++\workspace\Arcade App\Arcade App\Screen.cpp(134,55): warning C4244: 'argument': conversion from 'float' to 'int', possible loss of data
D:\Programming\C++\workspace\Arcade App\Arcade App\Screen.cpp(134,41): warning C4244: 'argument': conversion from 'float' to 'int', possible loss of data
D:\Programming\C++\workspace\Arcade App\Arcade App\Screen.cpp(144,10): warning C4244: 'initializing': conversion from 'float' to 'int', possible loss of data
D:\Programming\C++\workspace\Arcade App\Arcade App\Screen.cpp(145,10): warning C4244: 'initializing': conversion from 'float' to 'int', possible loss of data
D:\Programming\C++\workspace\Arcade App\Arcade App\Screen.cpp(146,10): warning C4244: 'initializing': conversion from 'float' to 'int', possible loss of data
D:\Programming\C++\workspace\Arcade App\Arcade App\Screen.cpp(147,10): warning C4244: 'initializing': conversion from 'float' to 'int', possible loss of data
D:\Programming\C++\workspace\Arcade App\Arcade App\Screen.cpp(273,30): warning C4244: 'argument': conversion from 'uint32_t' to 'float', possible loss of data
D:\Programming\C++\workspace\Arcade App\Arcade App\Screen.cpp(274,35): warning C4244: 'argument': conversion from 'uint32_t' to 'float', possible loss of data
D:\Programming\C++\workspace\Arcade App\Arcade App\Screen.cpp(275,40): warning C4244: 'argument': conversion from 'uint32_t' to 'float', possible loss of data
D:\Programming\C++\workspace\Arcade App\Arcade App\Screen.cpp(275,33): warning C4244: 'argument': conversion from 'uint32_t' to 'float', possible loss of data
D:\Programming\C++\workspace\Arcade App\Arcade App\Screen.cpp(294,77): warning C4244: 'argument': conversion from 'float' to 'unsigned int', possible loss of data
D:\Programming\C++\workspace\Arcade App\Arcade App\Screen.cpp(294,59): warning C4244: 'argument': conversion from 'float' to 'unsigned int', possible loss of data
D:\Programming\C++\workspace\Arcade App\Arcade App\Screen.cpp(307,16): warning C4244: 'initializing': conversion from 'float' to 'uint32_t', possible loss of data
D:\Programming\C++\workspace\Arcade App\Arcade App\Screen.cpp(317,40): warning C4244: 'argument': conversion from 'uint32_t' to 'float', possible loss of data
D:\Programming\C++\workspace\Arcade App\Arcade App\Screen.cpp(368,19): warning C4244: 'initializing': conversion from 'float' to 'int', possible loss of data
D:\Programming\C++\workspace\Arcade App\Arcade App\Screen.cpp(407,22): warning C4244: 'initializing': conversion from '_Ty' to 'int', possible loss of data
          with
          [
              _Ty=float
          ]
  ScreenBuffer.cpp
  Generating Code...
  Compiling...
  Shape.cpp
  SpriteSheet.cpp
  Triangle.cpp
  Utils.cpp
  Vec2D.cpp
  Generating Code...
  Arcade App.vcxproj -> D:\Programming\C++\workspace\Arcade App\Debug\Arcade App.exe
