d:\programming\c++\workspace\arcade app\arcade app\debug\vc142.pdb
d:\programming\c++\workspace\arcade app\arcade app\debug\vc142.idb
d:\programming\c++\workspace\arcade app\arcade app\debug\vec2d.obj
d:\programming\c++\workspace\arcade app\arcade app\debug\spritesheet.obj
d:\programming\c++\workspace\arcade app\arcade app\debug\shape.obj
d:\programming\c++\workspace\arcade app\arcade app\debug\screenbuffer.obj
d:\programming\c++\workspace\arcade app\arcade app\debug\screen.obj
d:\programming\c++\workspace\arcade app\arcade app\debug\inputcontroller.obj
d:\programming\c++\workspace\arcade app\arcade app\debug\gamecontroller.obj
d:\programming\c++\workspace\arcade app\arcade app\debug\filecommandloader.obj
d:\programming\c++\workspace\arcade app\arcade app\debug\color.obj
d:\programming\c++\workspace\arcade app\arcade app\debug\buttonoptionsscene.obj
d:\programming\c++\workspace\arcade app\arcade app\debug\button.obj
d:\programming\c++\workspace\arcade app\arcade app\debug\bmpimage.obj
d:\programming\c++\workspace\arcade app\arcade app\debug\bitmapfont.obj
d:\programming\c++\workspace\arcade app\arcade app\debug\arcadescene.obj
d:\programming\c++\workspace\arcade app\arcade app\debug\arcadeapp.obj
d:\programming\c++\workspace\arcade app\arcade app\debug\aarectangle.obj
d:\programming\c++\workspace\arcade app\arcade app\debug\arcade app.tlog\cl.command.1.tlog
d:\programming\c++\workspace\arcade app\arcade app\debug\arcade app.tlog\cl.read.1.tlog
d:\programming\c++\workspace\arcade app\arcade app\debug\arcade app.tlog\cl.write.1.tlog
